<?xml version="1.0" encoding="UTF-8"?>
<testng-results ignored="0" total="5" passed="4" failed="1" skipped="0">
  <reporter-output>
  </reporter-output>
  <suite started-at="2022-12-10T15:52:04 IST" name="Suite" finished-at="2022-12-10T15:59:33 IST" duration-ms="448909">
    <groups>
    </groups>
    <test started-at="2022-12-10T15:52:04 IST" name="Test Chrome" finished-at="2022-12-10T15:59:33 IST" duration-ms="448909">
      <class name="com.qa.testscripts.Cleartrip_01">
        <test-method is-config="true" signature="browser(java.lang.String,java.lang.String)[pri:0, instance:com.qa.testscripts.Cleartrip_01@3ee37e5a]" started-at="2022-12-10T15:52:04 IST" name="browser" finished-at="2022-12-10T15:52:25 IST" duration-ms="21087" status="PASS">
          <params>
            <param index="0">
              <value>
                <![CDATA[Chrome]]>
              </value>
            </param>
            <param index="1">
              <value>
                <![CDATA[https://www.cleartrip.com/]]>
              </value>
            </param>
          </params>
          <reporter-output>
          </reporter-output>
        </test-method> <!-- browser -->
        <test-method signature="getTest(java.lang.String,java.lang.String)[pri:0, instance:com.qa.testscripts.Cleartrip_01@3ee37e5a]" started-at="2022-12-10T15:52:27 IST" name="getTest" data-provider="getdata" finished-at="2022-12-10T15:54:05 IST" duration-ms="97885" status="PASS">
          <params>
            <param index="0">
              <value>
                <![CDATA[Chennai]]>
              </value>
            </param>
            <param index="1">
              <value>
                <![CDATA[delhi]]>
              </value>
            </param>
          </params>
          <reporter-output>
          </reporter-output>
        </test-method> <!-- getTest -->
        <test-method signature="getTest(java.lang.String,java.lang.String)[pri:0, instance:com.qa.testscripts.Cleartrip_01@3ee37e5a]" started-at="2022-12-10T15:54:05 IST" name="getTest" data-provider="getdata" finished-at="2022-12-10T15:55:42 IST" duration-ms="97449" status="PASS">
          <params>
            <param index="0">
              <value>
                <![CDATA[Bangalore]]>
              </value>
            </param>
            <param index="1">
              <value>
                <![CDATA[Delhi]]>
              </value>
            </param>
          </params>
          <reporter-output>
          </reporter-output>
        </test-method> <!-- getTest -->
        <test-method signature="getTest(java.lang.String,java.lang.String)[pri:0, instance:com.qa.testscripts.Cleartrip_01@3ee37e5a]" started-at="2022-12-10T15:55:42 IST" name="getTest" data-provider="getdata" finished-at="2022-12-10T15:57:20 IST" duration-ms="97372" status="PASS">
          <params>
            <param index="0">
              <value>
                <![CDATA[Mumbai]]>
              </value>
            </param>
            <param index="1">
              <value>
                <![CDATA[Chennai]]>
              </value>
            </param>
          </params>
          <reporter-output>
          </reporter-output>
        </test-method> <!-- getTest -->
        <test-method signature="getTest(java.lang.String,java.lang.String)[pri:0, instance:com.qa.testscripts.Cleartrip_01@3ee37e5a]" started-at="2022-12-10T15:57:20 IST" name="getTest" data-provider="getdata" finished-at="2022-12-10T15:58:57 IST" duration-ms="97290" status="PASS">
          <params>
            <param index="0">
              <value>
                <![CDATA[Mumbai]]>
              </value>
            </param>
            <param index="1">
              <value>
                <![CDATA[Delhi]]>
              </value>
            </param>
          </params>
          <reporter-output>
          </reporter-output>
        </test-method> <!-- getTest -->
        <test-method signature="getTest(java.lang.String,java.lang.String)[pri:0, instance:com.qa.testscripts.Cleartrip_01@3ee37e5a]" started-at="2022-12-10T15:58:57 IST" name="getTest" data-provider="getdata" finished-at="2022-12-10T15:59:30 IST" duration-ms="33437" status="FAIL">
          <params>
            <param index="0">
              <value>
                <![CDATA[fail]]>
              </value>
            </param>
            <param index="1">
              <value>
                <![CDATA[fail]]>
              </value>
            </param>
          </params>
          <exception class="org.openqa.selenium.ElementNotInteractableException">
            <message>
              <![CDATA[element not interactable
  (Session info: chrome=108.0.5359.99)
Build info: version: '3.141.59', revision: 'e82be7d358', time: '2018-11-14T08:17:03'
System info: host: 'MADHAN', ip: '192.168.137.102', os.name: 'Windows 10', os.arch: 'amd64', os.version: '10.0', java.version: '17.0.1'
Driver info: org.openqa.selenium.chrome.ChromeDriver
Capabilities {acceptInsecureCerts: false, browserName: chrome, browserVersion: 108.0.5359.99, chrome: {chromedriverVersion: 108.0.5359.71 (1e0e3868ee06..., userDataDir: C:\Users\madha\AppData\Loca...}, goog:chromeOptions: {debuggerAddress: localhost:60160}, javascriptEnabled: true, networkConnectionEnabled: false, pageLoadStrategy: normal, platform: WINDOWS, platformName: WINDOWS, proxy: Proxy(), setWindowRect: true, strictFileInteractability: false, timeouts: {implicit: 0, pageLoad: 300000, script: 30000}, unhandledPromptBehavior: dismiss and notify, webauthn:extension:credBlob: true, webauthn:extension:largeBlob: true, webauthn:virtualAuthenticators: true}
Session ID: 4b3283d100ffe4b2f8e08537ef95736a]]>
            </message>
            <full-stacktrace>
              <![CDATA[org.openqa.selenium.ElementNotInteractableException: element not interactable
  (Session info: chrome=108.0.5359.99)
Build info: version: '3.141.59', revision: 'e82be7d358', time: '2018-11-14T08:17:03'
System info: host: 'MADHAN', ip: '192.168.137.102', os.name: 'Windows 10', os.arch: 'amd64', os.version: '10.0', java.version: '17.0.1'
Driver info: org.openqa.selenium.chrome.ChromeDriver
Capabilities {acceptInsecureCerts: false, browserName: chrome, browserVersion: 108.0.5359.99, chrome: {chromedriverVersion: 108.0.5359.71 (1e0e3868ee06..., userDataDir: C:\Users\madha\AppData\Loca...}, goog:chromeOptions: {debuggerAddress: localhost:60160}, javascriptEnabled: true, networkConnectionEnabled: false, pageLoadStrategy: normal, platform: WINDOWS, platformName: WINDOWS, proxy: Proxy(), setWindowRect: true, strictFileInteractability: false, timeouts: {implicit: 0, pageLoad: 300000, script: 30000}, unhandledPromptBehavior: dismiss and notify, webauthn:extension:credBlob: true, webauthn:extension:largeBlob: true, webauthn:virtualAuthenticators: true}
Session ID: 4b3283d100ffe4b2f8e08537ef95736a
at java.base/jdk.internal.reflect.NativeConstructorAccessorImpl.newInstance0(Native Method)
at java.base/jdk.internal.reflect.NativeConstructorAccessorImpl.newInstance(NativeConstructorAccessorImpl.java:77)
at java.base/jdk.internal.reflect.DelegatingConstructorAccessorImpl.newInstance(DelegatingConstructorAccessorImpl.java:45)
at java.base/java.lang.reflect.Constructor.newInstanceWithCaller(Constructor.java:499)
at java.base/java.lang.reflect.Constructor.newInstance(Constructor.java:480)
at org.openqa.selenium.remote.http.W3CHttpResponseCodec.createException(W3CHttpResponseCodec.java:187)
at org.openqa.selenium.remote.http.W3CHttpResponseCodec.decode(W3CHttpResponseCodec.java:122)
at org.openqa.selenium.remote.http.W3CHttpResponseCodec.decode(W3CHttpResponseCodec.java:49)
at org.openqa.selenium.remote.HttpCommandExecutor.execute(HttpCommandExecutor.java:158)
at org.openqa.selenium.remote.service.DriverCommandExecutor.execute(DriverCommandExecutor.java:83)
at org.openqa.selenium.remote.RemoteWebDriver.execute(RemoteWebDriver.java:552)
at org.openqa.selenium.remote.RemoteWebElement.execute(RemoteWebElement.java:285)
at org.openqa.selenium.remote.RemoteWebElement.click(RemoteWebElement.java:84)
at jdk.internal.reflect.GeneratedMethodAccessor1.invoke(Unknown Source)
at java.base/jdk.internal.reflect.DelegatingMethodAccessorImpl.invoke(DelegatingMethodAccessorImpl.java:43)
at java.base/java.lang.reflect.Method.invoke(Method.java:568)
at org.openqa.selenium.support.pagefactory.internal.LocatingElementHandler.invoke(LocatingElementHandler.java:51)
at jdk.proxy2/jdk.proxy2.$Proxy14.click(Unknown Source)
at com.qa.testscripts.Cleartrip_01.getTest(Cleartrip_01.java:70)
at java.base/jdk.internal.reflect.NativeMethodAccessorImpl.invoke0(Native Method)
at java.base/jdk.internal.reflect.NativeMethodAccessorImpl.invoke(NativeMethodAccessorImpl.java:77)
at java.base/jdk.internal.reflect.DelegatingMethodAccessorImpl.invoke(DelegatingMethodAccessorImpl.java:43)
at java.base/java.lang.reflect.Method.invoke(Method.java:568)
at org.testng.internal.MethodInvocationHelper.invokeMethod(MethodInvocationHelper.java:133)
at org.testng.internal.TestInvoker.invokeMethod(TestInvoker.java:598)
at org.testng.internal.TestInvoker.invokeTestMethod(TestInvoker.java:173)
at org.testng.internal.MethodRunner.runInSequence(MethodRunner.java:46)
at org.testng.internal.TestInvoker$MethodInvocationAgent.invoke(TestInvoker.java:824)
at org.testng.internal.TestInvoker.invokeTestMethods(TestInvoker.java:146)
at org.testng.internal.TestMethodWorker.invokeTestMethods(TestMethodWorker.java:146)
at org.testng.internal.TestMethodWorker.run(TestMethodWorker.java:128)
at java.base/java.util.concurrent.ThreadPoolExecutor.runWorker(ThreadPoolExecutor.java:1136)
at java.base/java.util.concurrent.ThreadPoolExecutor$Worker.run(ThreadPoolExecutor.java:635)
at java.base/java.lang.Thread.run(Thread.java:833)
]]>
            </full-stacktrace>
          </exception> <!-- org.openqa.selenium.ElementNotInteractableException -->
          <reporter-output>
          </reporter-output>
        </test-method> <!-- getTest -->
        <test-method is-config="true" signature="close()[pri:0, instance:com.qa.testscripts.Cleartrip_01@3ee37e5a]" started-at="2022-12-10T15:59:30 IST" name="close" finished-at="2022-12-10T15:59:33 IST" duration-ms="2385" status="PASS">
          <reporter-output>
          </reporter-output>
        </test-method> <!-- close -->
      </class> <!-- com.qa.testscripts.Cleartrip_01 -->
    </test> <!-- Test Chrome -->
  </suite> <!-- Suite -->
</testng-results>
