<?xml version="1.0" encoding="UTF-8"?>
<testng-results ignored="0" total="1" passed="1" failed="0" skipped="0">
  <reporter-output>
  </reporter-output>
  <suite started-at="2022-12-09T16:05:23 IST" name="Suite" finished-at="2022-12-09T16:05:45 IST" duration-ms="21340">
    <groups>
    </groups>
    <test started-at="2022-12-09T16:05:23 IST" name="Test Chrome" finished-at="2022-12-09T16:05:45 IST" duration-ms="21340">
      <class name="com.qa.testscripts.Tc_01Amazon">
        <test-method is-config="true" signature="Test(java.lang.String,java.lang.String)[pri:0, instance:com.qa.testscripts.Tc_01Amazon@63a12c68]" started-at="2022-12-09T16:05:24 IST" name="Test" finished-at="2022-12-09T16:05:29 IST" duration-ms="5945" status="PASS">
          <params>
            <param index="0">
              <value>
                <![CDATA[Chrome]]>
              </value>
            </param>
            <param index="1">
              <value>
                <![CDATA[https://www.amazon.in/]]>
              </value>
            </param>
          </params>
          <reporter-output>
          </reporter-output>
        </test-method> <!-- Test -->
        <test-method signature="Scoll(java.lang.String,java.lang.String)[pri:0, instance:com.qa.testscripts.Tc_01Amazon@63a12c68]" started-at="2022-12-09T16:05:29 IST" name="Scoll" finished-at="2022-12-09T16:05:40 IST" duration-ms="11005" status="PASS">
          <params>
            <param index="0">
              <value>
                <![CDATA[Chrome]]>
              </value>
            </param>
            <param index="1">
              <value>
                <![CDATA[https://www.amazon.in/]]>
              </value>
            </param>
          </params>
          <reporter-output>
          </reporter-output>
        </test-method> <!-- Scoll -->
        <test-method is-config="true" signature="Teardown()[pri:0, instance:com.qa.testscripts.Tc_01Amazon@63a12c68]" started-at="2022-12-09T16:05:40 IST" name="Teardown" finished-at="2022-12-09T16:05:45 IST" duration-ms="4321" status="PASS">
          <reporter-output>
          </reporter-output>
        </test-method> <!-- Teardown -->
      </class> <!-- com.qa.testscripts.Tc_01Amazon -->
    </test> <!-- Test Chrome -->
  </suite> <!-- Suite -->
</testng-results>
