<?xml version="1.0" encoding="UTF-8"?>
<testng-results ignored="0" total="3" passed="2" failed="1" skipped="0">
  <reporter-output>
  </reporter-output>
  <suite started-at="2022-12-13T10:39:37 IST" name="Suite" finished-at="2022-12-13T10:43:05 IST" duration-ms="208483">
    <groups>
    </groups>
    <test started-at="2022-12-13T10:39:37 IST" name="Test Chrome" finished-at="2022-12-13T10:43:05 IST" duration-ms="208483">
      <class name="com.qa.testscripts.Tc_Amazon01">
        <test-method is-config="true" signature="browser(java.lang.String,java.lang.String)[pri:0, instance:com.qa.testscripts.Tc_Amazon01@2fb3536e]" started-at="2022-12-13T10:39:37 IST" name="browser" finished-at="2022-12-13T10:40:17 IST" duration-ms="40226" status="PASS">
          <params>
            <param index="0">
              <value>
                <![CDATA[Chrome]]>
              </value>
            </param>
            <param index="1">
              <value>
                <![CDATA[https://www.amazon.in/]]>
              </value>
            </param>
          </params>
          <reporter-output>
          </reporter-output>
        </test-method> <!-- browser -->
        <test-method signature="Amazon_Search(java.lang.String,java.lang.String)[pri:0, instance:com.qa.testscripts.Tc_Amazon01@2fb3536e]" started-at="2022-12-13T10:40:18 IST" name="Amazon_Search" data-provider="getdata" finished-at="2022-12-13T10:41:41 IST" duration-ms="83222" status="PASS">
          <params>
            <param index="0">
              <value>
                <![CDATA[Electronics]]>
              </value>
            </param>
            <param index="1">
              <value>
                <![CDATA[Mobile phone around 25000]]>
              </value>
            </param>
          </params>
          <reporter-output>
          </reporter-output>
        </test-method> <!-- Amazon_Search -->
        <test-method signature="Amazon_Search(java.lang.String,java.lang.String)[pri:0, instance:com.qa.testscripts.Tc_Amazon01@2fb3536e]" started-at="2022-12-13T10:41:41 IST" name="Amazon_Search" data-provider="getdata" finished-at="2022-12-13T10:42:54 IST" duration-ms="72713" status="PASS">
          <params>
            <param index="0">
              <value>
                <![CDATA[Electronics]]>
              </value>
            </param>
            <param index="1">
              <value>
                <![CDATA[Television]]>
              </value>
            </param>
          </params>
          <reporter-output>
          </reporter-output>
        </test-method> <!-- Amazon_Search -->
        <test-method signature="Amazon_Search(java.lang.String,java.lang.String)[pri:0, instance:com.qa.testscripts.Tc_Amazon01@2fb3536e]" started-at="2022-12-13T10:42:54 IST" name="Amazon_Search" data-provider="getdata" finished-at="2022-12-13T10:43:03 IST" duration-ms="9232" status="FAIL">
          <params>
            <param index="0">
              <value>
                <![CDATA[laptop]]>
              </value>
            </param>
            <param index="1">
              <value>
                <![CDATA[Laptops i7]]>
              </value>
            </param>
          </params>
          <exception class="org.openqa.selenium.NoSuchElementException">
            <message>
              <![CDATA[Cannot locate element with text: laptop
For documentation on this error, please visit: https://www.seleniumhq.org/exceptions/no_such_element.html
Build info: version: '3.141.59', revision: 'e82be7d358', time: '2018-11-14T08:17:03'
System info: host: 'MADHAN', ip: '192.168.137.102', os.name: 'Windows 10', os.arch: 'amd64', os.version: '10.0', java.version: '17.0.1'
Driver info: driver.version: unknown]]>
            </message>
            <full-stacktrace>
              <![CDATA[org.openqa.selenium.NoSuchElementException: Cannot locate element with text: laptop
For documentation on this error, please visit: https://www.seleniumhq.org/exceptions/no_such_element.html
Build info: version: '3.141.59', revision: 'e82be7d358', time: '2018-11-14T08:17:03'
System info: host: 'MADHAN', ip: '192.168.137.102', os.name: 'Windows 10', os.arch: 'amd64', os.version: '10.0', java.version: '17.0.1'
Driver info: driver.version: unknown
at org.openqa.selenium.support.ui.Select.selectByVisibleText(Select.java:147)
at com.qa.testscripts.Tc_Amazon01.Amazon_Search(Tc_Amazon01.java:52)
at java.base/jdk.internal.reflect.NativeMethodAccessorImpl.invoke0(Native Method)
at java.base/jdk.internal.reflect.NativeMethodAccessorImpl.invoke(NativeMethodAccessorImpl.java:77)
at java.base/jdk.internal.reflect.DelegatingMethodAccessorImpl.invoke(DelegatingMethodAccessorImpl.java:43)
at java.base/java.lang.reflect.Method.invoke(Method.java:568)
at org.testng.internal.MethodInvocationHelper.invokeMethod(MethodInvocationHelper.java:133)
at org.testng.internal.TestInvoker.invokeMethod(TestInvoker.java:598)
at org.testng.internal.TestInvoker.invokeTestMethod(TestInvoker.java:173)
at org.testng.internal.MethodRunner.runInSequence(MethodRunner.java:46)
at org.testng.internal.TestInvoker$MethodInvocationAgent.invoke(TestInvoker.java:824)
at org.testng.internal.TestInvoker.invokeTestMethods(TestInvoker.java:146)
at org.testng.internal.TestMethodWorker.invokeTestMethods(TestMethodWorker.java:146)
at org.testng.internal.TestMethodWorker.run(TestMethodWorker.java:128)
at java.base/java.util.concurrent.ThreadPoolExecutor.runWorker(ThreadPoolExecutor.java:1136)
at java.base/java.util.concurrent.ThreadPoolExecutor$Worker.run(ThreadPoolExecutor.java:635)
at java.base/java.lang.Thread.run(Thread.java:833)
]]>
            </full-stacktrace>
          </exception> <!-- org.openqa.selenium.NoSuchElementException -->
          <reporter-output>
          </reporter-output>
        </test-method> <!-- Amazon_Search -->
        <test-method is-config="true" signature="close()[pri:0, instance:com.qa.testscripts.Tc_Amazon01@2fb3536e]" started-at="2022-12-13T10:43:03 IST" name="close" finished-at="2022-12-13T10:43:05 IST" duration-ms="2380" status="PASS">
          <reporter-output>
          </reporter-output>
        </test-method> <!-- close -->
      </class> <!-- com.qa.testscripts.Tc_Amazon01 -->
    </test> <!-- Test Chrome -->
  </suite> <!-- Suite -->
</testng-results>
